A51 MACRO ASSEMBLER  5_7                                                                  10/25/2017 22:04:34 PAGE     1


MACRO ASSEMBLER A51 V8.2.5.0
OBJECT MODULE PLACED IN .\Objects\5-7.obj
ASSEMBLER INVOKED BY: D:\Keil\C51\BIN\A51.EXE 5-7.asm SET(SMALL) DEBUG PRINT(.\Listings\5-7.lst) OBJECT(.\Objects\5-7.ob
                      j) EP

LOC  OBJ            LINE     SOURCE

0000                   1                     org 0000h

0000 8031              2                     sjmp main

0033                   3                     org 0033h

                       4     

0033 753002            5     main:   mov 30h,#2

0036 753100            6                     mov 31h,#0

0039 753201            7                     mov 32h,#1

003C 753305            8                     mov 33h,#5

003F 753400            9                     mov 34h,#0

0042 753507           10                     mov 35h,#7

0045 753602           11                     mov 36h,#2

0048 753700           12                     mov 37h,#0

004B 90006A           13                     mov dptr,#tab

                      14                     

004E 7830             15     start:  mov r0,#30h

0050 79FE             16                     mov r1,#0feh    ;位选

0052 7A08             17                     mov r2,#8               ;显示首治皇

                      18                     

0054 E6               19     loop:   mov a,@r0

0055 93               20                     movc a,@a+dptr

0056 75A0FF           21                     mov p2,#0ffh    ;消影

                      22                     

0059 F580             23                     mov p0,a                ;段选

005B 89A0             24                     mov p2,r1               ;位选

                      25                     

                      26                     

                      27                     ;lcall delay

005D 08               28                     inc r0

005E E9               29                     mov a,r1

005F 23               30                     rl a

0060 F9               31                     mov r1,a

0061 DAF1             32                     djnz r2,loop

0063 80E9             33                     sjmp start

                      34                     

0065 7B0A             35     delay:  mov r3,#10

0067 DBFE             36                     djnz r3,$

0069 22               37                     ret

                      38                     

006A 3F065B4F         39     tab:    db 3fh,06h,5bh,4fh,66h,6dh

006E 666D                    
0070 7D077F6F         40                     db 7dh,07h,7fh,6fh,76h

0074 76                      
                      41                             

                      42                     end

A51 MACRO ASSEMBLER  5_7                                                                  10/25/2017 22:04:34 PAGE     2

SYMBOL TABLE LISTING
------ ----- -------


N A M E             T Y P E  V A L U E   ATTRIBUTES

DELAY. . . . . . .  C ADDR   0065H   A   
LOOP . . . . . . .  C ADDR   0054H   A   
MAIN . . . . . . .  C ADDR   0033H   A   
P0 . . . . . . . .  D ADDR   0080H   A   
P2 . . . . . . . .  D ADDR   00A0H   A   
START. . . . . . .  C ADDR   004EH   A   
TAB. . . . . . . .  C ADDR   006AH   A   


REGISTER BANK(S) USED: 0 


ASSEMBLY COMPLETE.  0 WARNING(S), 0 ERROR(S)
